[11:12:17,425  INFO ParserManager:136] - org.sbml.jsbml.xml.parsers.ReadingParser: Provider org.sbml.jsbml.xml.parsers.SBMLCoreParser not found
[11:12:17,427  INFO ParserManager:136] - org.sbml.jsbml.xml.parsers.ReadingParser: Provider org.sbml.jsbml.xml.parsers.XMLNodeReader not found
[11:12:17,427  INFO ParserManager:136] - org.sbml.jsbml.xml.parsers.ReadingParser: Provider org.sbml.jsbml.xml.parsers.MathMLStaxParser not found
[11:12:17,428  INFO ParserManager:136] - org.sbml.jsbml.xml.parsers.ReadingParser: Provider org.sbml.jsbml.xml.parsers.ArraysParser not found
[11:12:17,428  INFO ParserManager:136] - org.sbml.jsbml.xml.parsers.ReadingParser: Provider org.sbml.jsbml.xml.parsers.CompParser not found
[11:12:17,428  INFO ParserManager:136] - org.sbml.jsbml.xml.parsers.ReadingParser: Provider org.sbml.jsbml.xml.parsers.DistribParser not found
[11:12:17,428  INFO ParserManager:136] - org.sbml.jsbml.xml.parsers.ReadingParser: Provider org.sbml.jsbml.xml.parsers.DynParser not found
[11:12:17,428  INFO ParserManager:136] - org.sbml.jsbml.xml.parsers.ReadingParser: Provider org.sbml.jsbml.xml.parsers.FBCParser not found
[11:12:17,428  INFO ParserManager:136] - org.sbml.jsbml.xml.parsers.ReadingParser: Provider org.sbml.jsbml.xml.parsers.GroupsParser not found
[11:12:17,428  INFO ParserManager:136] - org.sbml.jsbml.xml.parsers.ReadingParser: Provider org.sbml.jsbml.xml.parsers.L3LayoutParser not found
[11:12:17,429  INFO ParserManager:136] - org.sbml.jsbml.xml.parsers.ReadingParser: Provider org.sbml.jsbml.xml.parsers.LayoutParser not found
[11:12:17,429  INFO ParserManager:136] - org.sbml.jsbml.xml.parsers.ReadingParser: Provider org.sbml.jsbml.xml.parsers.MultiParser not found
[11:12:17,429  INFO ParserManager:136] - org.sbml.jsbml.xml.parsers.ReadingParser: Provider org.sbml.jsbml.xml.parsers.QualParser not found
[11:12:17,429  INFO ParserManager:136] - org.sbml.jsbml.xml.parsers.ReadingParser: Provider org.sbml.jsbml.xml.parsers.RenderParser not found
[11:12:17,429  INFO ParserManager:136] - org.sbml.jsbml.xml.parsers.ReadingParser: Provider org.sbml.jsbml.xml.parsers.ReqParser not found
[11:12:17,429  INFO ParserManager:136] - org.sbml.jsbml.xml.parsers.ReadingParser: Provider org.sbml.jsbml.xml.parsers.SpatialParser not found
[11:12:17,431  INFO ParserManager:136] - org.sbml.jsbml.xml.parsers.ReadingParser: Provider org.sbml.jsbml.xml.parsers.UncertMLXMLNodeReader not found
[11:30:24,560  INFO ParserManager:136] - org.sbml.jsbml.xml.parsers.ReadingParser: Provider org.sbml.jsbml.xml.parsers.SBMLCoreParser not found
[11:30:24,562  INFO ParserManager:136] - org.sbml.jsbml.xml.parsers.ReadingParser: Provider org.sbml.jsbml.xml.parsers.XMLNodeReader not found
[11:30:24,562  INFO ParserManager:136] - org.sbml.jsbml.xml.parsers.ReadingParser: Provider org.sbml.jsbml.xml.parsers.MathMLStaxParser not found
[11:30:24,562  INFO ParserManager:136] - org.sbml.jsbml.xml.parsers.ReadingParser: Provider org.sbml.jsbml.xml.parsers.ArraysParser not found
[11:30:24,563  INFO ParserManager:136] - org.sbml.jsbml.xml.parsers.ReadingParser: Provider org.sbml.jsbml.xml.parsers.CompParser not found
[11:30:24,563  INFO ParserManager:136] - org.sbml.jsbml.xml.parsers.ReadingParser: Provider org.sbml.jsbml.xml.parsers.DistribParser not found
[11:30:24,563  INFO ParserManager:136] - org.sbml.jsbml.xml.parsers.ReadingParser: Provider org.sbml.jsbml.xml.parsers.DynParser not found
[11:30:24,563  INFO ParserManager:136] - org.sbml.jsbml.xml.parsers.ReadingParser: Provider org.sbml.jsbml.xml.parsers.FBCParser not found
[11:30:24,563  INFO ParserManager:136] - org.sbml.jsbml.xml.parsers.ReadingParser: Provider org.sbml.jsbml.xml.parsers.GroupsParser not found
[11:30:24,563  INFO ParserManager:136] - org.sbml.jsbml.xml.parsers.ReadingParser: Provider org.sbml.jsbml.xml.parsers.L3LayoutParser not found
[11:30:24,564  INFO ParserManager:136] - org.sbml.jsbml.xml.parsers.ReadingParser: Provider org.sbml.jsbml.xml.parsers.LayoutParser not found
[11:30:24,564  INFO ParserManager:136] - org.sbml.jsbml.xml.parsers.ReadingParser: Provider org.sbml.jsbml.xml.parsers.MultiParser not found
[11:30:24,564  INFO ParserManager:136] - org.sbml.jsbml.xml.parsers.ReadingParser: Provider org.sbml.jsbml.xml.parsers.QualParser not found
[11:30:24,564  INFO ParserManager:136] - org.sbml.jsbml.xml.parsers.ReadingParser: Provider org.sbml.jsbml.xml.parsers.RenderParser not found
[11:30:24,565  INFO ParserManager:136] - org.sbml.jsbml.xml.parsers.ReadingParser: Provider org.sbml.jsbml.xml.parsers.ReqParser not found
[11:30:24,565  INFO ParserManager:136] - org.sbml.jsbml.xml.parsers.ReadingParser: Provider org.sbml.jsbml.xml.parsers.SpatialParser not found
[11:30:24,566  INFO ParserManager:136] - org.sbml.jsbml.xml.parsers.ReadingParser: Provider org.sbml.jsbml.xml.parsers.UncertMLXMLNodeReader not found
